14:08:36.535 [main] ERROR com.regressiontestcases.RegressionTests - upcoming bikes testcase failed
14:08:36.777 [main] INFO  com.regressiontestcases.RegressionTests - getting the popular car models list
14:08:57.159 [main] INFO  com.regressiontestcases.RegressionTests - verifying the google sign in functionality
14:22:43.034 [main] INFO  com.regressiontestcases.RegressionTests - driver is initiated and the website is launched
14:22:51.905 [main] INFO  com.regressiontestcases.RegressionTests - new bike menu is clicked
14:22:52.322 [main] INFO  com.regressiontestcases.RegressionTests - selecting the upcoming bikes option
14:23:14.931 [main] INFO  com.regressiontestcases.RegressionTests - choosing the manufacturer as honda
14:23:38.427 [main] INFO  com.regressiontestcases.RegressionTests - getting the bike details and printing in the console
14:23:41.504 [main] ERROR com.regressiontestcases.RegressionTests - upcoming bikes testcase failed
14:23:41.727 [main] INFO  com.regressiontestcases.RegressionTests - getting the popular car models list
14:24:30.586 [main] INFO  com.regressiontestcases.RegressionTests - verifying the google sign in functionality
14:24:59.629 [main] ERROR com.regressiontestcases.RegressionTests - google sign in testcase failed
14:30:52.304 [main] INFO  com.regressiontestcases.RegressionTests - driver is initiated and the website is launched
14:31:26.890 [main] INFO  com.regressiontestcases.RegressionTests - new bike menu is clicked
14:31:26.946 [main] ERROR com.regressiontestcases.RegressionTests - upcoming bikes testcase failed
14:31:27.170 [main] INFO  com.regressiontestcases.RegressionTests - getting the popular car models list
14:31:27.213 [main] ERROR com.regressiontestcases.RegressionTests - used cars testcase failed
14:31:27.334 [main] INFO  com.regressiontestcases.RegressionTests - verifying the google sign in functionality
14:31:39.123 [main] ERROR com.regressiontestcases.RegressionTests - google sign in testcase failed
14:35:01.040 [main] INFO  com.regressiontestcases.RegressionTests - driver is initiated and the website is launched
14:35:33.128 [main] INFO  com.regressiontestcases.RegressionTests - new bike menu is clicked
14:35:33.193 [main] ERROR com.regressiontestcases.RegressionTests - upcoming bikes testcase failed
14:35:33.419 [main] INFO  com.regressiontestcases.RegressionTests - getting the popular car models list
14:35:33.473 [main] ERROR com.regressiontestcases.RegressionTests - used cars testcase failed
14:35:33.615 [main] INFO  com.regressiontestcases.RegressionTests - verifying the google sign in functionality
14:35:34.857 [main] ERROR com.regressiontestcases.RegressionTests - google sign in testcase failed
14:55:22.622 [main] INFO  com.regressiontestcases.RegressionTests - driver is initiated and the website is launched
14:55:31.703 [main] INFO  com.regressiontestcases.RegressionTests - new bike menu is clicked
14:55:32.741 [main] INFO  com.regressiontestcases.RegressionTests - selecting the upcoming bikes option
14:55:36.277 [main] INFO  com.regressiontestcases.RegressionTests - choosing the manufacturer as honda
14:55:38.180 [main] INFO  com.regressiontestcases.RegressionTests - getting the bike details and printing in the console
14:55:44.434 [main] INFO  com.regressiontestcases.RegressionTests - getting the popular car models list
14:55:51.374 [main] INFO  com.regressiontestcases.RegressionTests - verifying the google sign in functionality
14:56:01.578 [main] INFO  com.regressiontestcases.RegressionTests - driver is initiated and the website is launched
14:56:12.485 [main] INFO  com.regressiontestcases.RegressionTests - new bike menu is clicked
14:56:12.631 [main] INFO  com.regressiontestcases.RegressionTests - selecting the upcoming bikes option
14:56:15.251 [main] INFO  com.regressiontestcases.RegressionTests - choosing the manufacturer as honda
14:56:16.653 [main] INFO  com.regressiontestcases.RegressionTests - getting the bike details and printing in the console
14:56:20.852 [main] INFO  com.regressiontestcases.RegressionTests - getting the popular car models list
14:56:26.465 [main] INFO  com.regressiontestcases.RegressionTests - verifying the google sign in functionality
15:17:06.169 [main] INFO  com.regressiontestcases.RegressionTests - driver is initiated and the website is launched
15:18:34.046 [main] INFO  com.regressiontestcases.RegressionTests - new bike menu is clicked
15:18:34.510 [main] INFO  com.regressiontestcases.RegressionTests - selecting the upcoming bikes option
15:18:41.772 [main] INFO  com.regressiontestcases.RegressionTests - choosing the manufacturer as honda
15:18:43.414 [main] INFO  com.regressiontestcases.RegressionTests - getting the bike details and printing in the console
15:18:53.084 [main] INFO  com.regressiontestcases.RegressionTests - getting the popular car models list
15:19:10.664 [main] INFO  com.regressiontestcases.RegressionTests - verifying the google sign in functionality
15:19:29.175 [main] INFO  com.regressiontestcases.RegressionTests - driver is initiated and the website is launched
