12:13:55.703 [main] INFO  com.regressiontestcases.RegressionTests - new bike menu is clicked
12:13:56.419 [main] INFO  com.regressiontestcases.RegressionTests - selecting the upcoming bikes option
12:13:57.615 [main] INFO  com.regressiontestcases.RegressionTests - choosing the manufacturer as honda
12:13:59.352 [main] INFO  com.regressiontestcases.RegressionTests - getting the bike details and printing in the console
12:14:04.958 [main] INFO  com.regressiontestcases.RegressionTests - getting the popular car models list
12:14:09.672 [main] INFO  com.regressiontestcases.RegressionTests - verifying the google sign in functionality
12:14:42.856 [main] ERROR com.regressiontestcases.RegressionTests - google sign in testcase failed
12:14:44.737 [main] INFO  com.regressiontestcases.RegressionTests - driver is initiated and the website is launched
12:14:50.194 [main] INFO  com.regressiontestcases.RegressionTests - new bike menu is clicked
12:14:50.671 [main] INFO  com.regressiontestcases.RegressionTests - selecting the upcoming bikes option
12:14:52.671 [main] INFO  com.regressiontestcases.RegressionTests - choosing the manufacturer as honda
12:14:54.117 [main] INFO  com.regressiontestcases.RegressionTests - getting the bike details and printing in the console
12:14:58.411 [main] INFO  com.regressiontestcases.RegressionTests - getting the popular car models list
12:15:02.845 [main] INFO  com.regressiontestcases.RegressionTests - verifying the google sign in functionality
12:15:36.418 [main] ERROR com.regressiontestcases.RegressionTests - google sign in testcase failed
12:18:03.480 [main] INFO  com.regressiontestcases.RegressionTests - driver is initiated and the website is launched
12:18:15.126 [main] INFO  com.regressiontestcases.RegressionTests - new bike menu is clicked
12:18:15.318 [main] INFO  com.regressiontestcases.RegressionTests - selecting the upcoming bikes option
12:18:17.906 [main] INFO  com.regressiontestcases.RegressionTests - choosing the manufacturer as honda
12:18:19.320 [main] INFO  com.regressiontestcases.RegressionTests - getting the bike details and printing in the console
12:18:24.657 [main] INFO  com.regressiontestcases.RegressionTests - getting the popular car models list
12:18:29.328 [main] INFO  com.regressiontestcases.RegressionTests - verifying the google sign in functionality
12:19:03.644 [main] ERROR com.regressiontestcases.RegressionTests - google sign in testcase failed
12:19:05.474 [main] INFO  com.regressiontestcases.RegressionTests - driver is initiated and the website is launched
12:19:12.053 [main] INFO  com.regressiontestcases.RegressionTests - new bike menu is clicked
12:19:12.231 [main] INFO  com.regressiontestcases.RegressionTests - selecting the upcoming bikes option
12:19:13.412 [main] INFO  com.regressiontestcases.RegressionTests - choosing the manufacturer as honda
12:19:15.149 [main] INFO  com.regressiontestcases.RegressionTests - getting the bike details and printing in the console
12:19:19.105 [main] INFO  com.regressiontestcases.RegressionTests - getting the popular car models list
12:19:23.598 [main] INFO  com.regressiontestcases.RegressionTests - verifying the google sign in functionality
12:19:57.415 [main] ERROR com.regressiontestcases.RegressionTests - google sign in testcase failed
12:23:01.932 [main] INFO  com.regressiontestcases.RegressionTests - driver is initiated and the website is launched
12:23:24.568 [main] INFO  com.regressiontestcases.RegressionTests - new bike menu is clicked
12:23:24.768 [main] INFO  com.regressiontestcases.RegressionTests - selecting the upcoming bikes option
12:23:33.709 [main] INFO  com.regressiontestcases.RegressionTests - choosing the manufacturer as honda
12:23:35.775 [main] INFO  com.regressiontestcases.RegressionTests - getting the bike details and printing in the console
12:23:40.518 [main] INFO  com.regressiontestcases.RegressionTests - getting the popular car models list
12:23:45.544 [main] INFO  com.regressiontestcases.RegressionTests - verifying the google sign in functionality
12:24:18.896 [main] ERROR com.regressiontestcases.RegressionTests - google sign in testcase failed
12:24:20.953 [main] INFO  com.regressiontestcases.RegressionTests - driver is initiated and the website is launched
12:24:32.838 [main] INFO  com.regressiontestcases.RegressionTests - new bike menu is clicked
12:24:32.996 [main] INFO  com.regressiontestcases.RegressionTests - selecting the upcoming bikes option
12:24:35.250 [main] INFO  com.regressiontestcases.RegressionTests - choosing the manufacturer as honda
12:24:37.129 [main] INFO  com.regressiontestcases.RegressionTests - getting the bike details and printing in the console
12:24:41.104 [main] INFO  com.regressiontestcases.RegressionTests - getting the popular car models list
12:24:45.676 [main] INFO  com.regressiontestcases.RegressionTests - verifying the google sign in functionality
12:25:19.026 [main] ERROR com.regressiontestcases.RegressionTests - google sign in testcase failed
